<?xml version="1.0" encoding="UTF-8"?>
<!-- Generated by org.testng.reporters.JUnitXMLReporter -->
<testsuite ignored="2" hostname="C100414" failures="0" tests="1" name="test1" time="0.045" errors="0" timestamp="2020-01-20T10:23:51 EET">
  <testcase classname="samples.FirstTest" name="first" time="0.009"/>
  <testcase classname="samples.FirstTest" name="second" time="0.0">
    <ignored/>
  </testcase> <!-- second -->
  <testcase classname="samples.FirstTest" name="third" time="0.0">
    <ignored/>
  </testcase> <!-- third -->
</testsuite> <!-- test1 -->
