<?xml version="1.0" encoding="UTF-8"?>
<testng-results ignored="2" total="3" passed="1" failed="0" skipped="0">
  <reporter-output>
  </reporter-output>
  <suite started-at="2020-01-20T10:23:51 EET" name="Suite1" finished-at="2020-01-20T10:23:51 EET" duration-ms="105">
    <groups>
      <group name="pack 1">
        <method signature="FirstTest.first()[pri:0, instance:samples.FirstTest@62ddbd7e]" name="first" class="samples.FirstTest"/>
      </group> <!-- pack 1 -->
    </groups>
    <test started-at="2020-01-20T10:23:51 EET" name="test1" finished-at="2020-01-20T10:23:51 EET" duration-ms="45">
      <class name="samples.FirstTest">
        <test-method signature="first()[pri:0, instance:samples.FirstTest@62ddbd7e]" started-at="2020-01-20T10:23:51 EET" name="first" finished-at="2020-01-20T10:23:51 EET" duration-ms="9" status="PASS">
          <reporter-output>
          </reporter-output>
        </test-method> <!-- first -->
      </class> <!-- samples.FirstTest -->
    </test> <!-- test1 -->
    <test started-at="2020-01-20T10:23:51 EET" name="test2" finished-at="2020-01-20T10:23:51 EET" duration-ms="0">
    </test> <!-- test2 -->
  </suite> <!-- Suite1 -->
</testng-results>
