<?xml version="1.0" encoding="UTF-8"?>
<testng-results ignored="0" total="0" passed="0" failed="0" skipped="0">
  <reporter-output>
  </reporter-output>
  <suite started-at="2020-01-23T15:40:01 EET" name="Suite1" finished-at="2020-01-23T15:40:01 EET" duration-ms="155">
    <groups>
    </groups>
    <test started-at="2020-01-23T15:40:01 EET" name="test1" finished-at="2020-01-23T15:40:01 EET" duration-ms="15">
    </test> <!-- test1 -->
    <test started-at="2020-01-23T15:40:01 EET" name="test2" finished-at="2020-01-23T15:40:01 EET" duration-ms="2">
    </test> <!-- test2 -->
  </suite> <!-- Suite1 -->
</testng-results>
